<?xml version="1.0" encoding="utf-8"?><testsuites name="pytest tests"><testsuite name="pytest" errors="0" failures="0" skipped="0" tests="4" time="0.351" timestamp="2025-07-11T14:37:45.189853+02:00" hostname="DESKTOP-FAG67T3"><testcase classname="test_data_transformation" name="test_mineral_combustibles_sum_2010" time="0.008" /><testcase classname="test_data_transformation" name="test_random_industry_rows_2010" time="0.009" /><testcase classname="test_data_transformation" name="test_suppressed_values_handling_2010" time="0.008" /><testcase classname="test_data_transformation" name="test_column_mapping_consistency_2010" time="0.005" /></testsuite></testsuites>