<?xml version="1.0" encoding="utf-8"?><testsuites name="pytest tests"><testsuite name="pytest" errors="0" failures="0" skipped="0" tests="4" time="0.333" timestamp="2025-07-11T14:36:28.383847+02:00" hostname="DESKTOP-FAG67T3"><testcase classname="tests.test_data_transformation" name="test_mineral_combustibles_sum_2010" time="0.007" /><testcase classname="tests.test_data_transformation" name="test_random_industry_rows_2010" time="0.008" /><testcase classname="tests.test_data_transformation" name="test_suppressed_values_handling_2010" time="0.007" /><testcase classname="tests.test_data_transformation" name="test_column_mapping_consistency_2010" time="0.004" /></testsuite></testsuites>